<?xml version="1.0" encoding="UTF-8"?>
<testng-results skipped="0" failed="0" total="3" passed="3">
  <reporter-output>
  </reporter-output>
  <suite name="softwaretestingmaterial" duration-ms="14085" started-at="2018-10-12T13:20:53Z" finished-at="2018-10-12T13:21:07Z">
    <groups>
    </groups>
    <test name="testngTest" duration-ms="14085" started-at="2018-10-12T13:20:53Z" finished-at="2018-10-12T13:21:07Z">
      <class name="facebookTesting.facebooktest">
        <test-method status="PASS" signature="testSetup()[pri:0, instance:facebookTesting.facebooktest@1d057a39]" name="testSetup" is-config="true" duration-ms="5756" started-at="2018-10-12T18:50:53Z" finished-at="2018-10-12T18:50:59Z">
          <reporter-output>
          </reporter-output>
        </test-method> <!-- testSetup -->
        <test-method status="PASS" signature="namefieldtest()[pri:0, instance:facebookTesting.facebooktest@1d057a39]" name="namefieldtest" duration-ms="444" started-at="2018-10-12T18:50:59Z" finished-at="2018-10-12T18:51:00Z">
          <reporter-output>
          </reporter-output>
        </test-method> <!-- namefieldtest -->
        <test-method status="PASS" signature="selectcase()[pri:0, instance:facebookTesting.facebooktest@1d057a39]" name="selectcase" duration-ms="5303" started-at="2018-10-12T18:51:00Z" finished-at="2018-10-12T18:51:05Z">
          <reporter-output>
          </reporter-output>
        </test-method> <!-- selectcase -->
        <test-method status="PASS" signature="testone()[pri:0, instance:facebookTesting.facebooktest@1d057a39]" name="testone" duration-ms="1557" started-at="2018-10-12T18:51:05Z" finished-at="2018-10-12T18:51:06Z">
          <reporter-output>
          </reporter-output>
        </test-method> <!-- testone -->
        <test-method status="PASS" signature="session()[pri:0, instance:facebookTesting.facebooktest@1d057a39]" name="session" is-config="true" duration-ms="1019" started-at="2018-10-12T18:51:06Z" finished-at="2018-10-12T18:51:07Z">
          <reporter-output>
          </reporter-output>
        </test-method> <!-- session -->
      </class> <!-- facebookTesting.facebooktest -->
    </test> <!-- testngTest -->
  </suite> <!-- softwaretestingmaterial -->
</testng-results>
