<?xml version="1.0" encoding="UTF-8"?>
<!-- Generated by org.testng.reporters.JUnitXMLReporter -->
<testsuite hostname="Hemalatha" name="testngTest" tests="3" failures="0" timestamp="12 Oct 2018 13:21:07 GMT" time="14.085" errors="0">
  <testcase name="namefieldtest" time="0.444" classname="facebookTesting.facebooktest"/>
  <testcase name="selectcase" time="5.303" classname="facebookTesting.facebooktest"/>
  <testcase name="testone" time="1.557" classname="facebookTesting.facebooktest"/>
</testsuite> <!-- testngTest -->
